<?xml version="1.0" encoding="UTF-8"?>
<!-- Generated by org.testng.reporters.JUnitReportReporter -->
<testsuite hostname="LAPTOP-KJH4E21N" failures="0" tests="1" name="academy.HomePage" time="13.273" errors="0" timestamp="02 Feb 2021 17:36:56 GMT" skipped="0">
  <testcase classname="academy.HomePage" name="basePageNavigation" time="13.273"/>
</testsuite> <!-- academy.HomePage -->
